# JRE version: OpenJDK Runtime Environment (8.0_292-b09) (build 1.8.0_292-b09)
# Java VM: OpenJDK 64-Bit Server VM GraalVM CE 21.1.0 (25.292-b09-jvmci-21.1-b05 mixed mode linux-amd64 compressed oops)
Heap:
 PSYoungGen      total 903680K, used 688690K [0x00000006b4980000, 0x00000007bfe00000, 0x00000007c0000000)
  eden space 903168K, 76% used [0x00000006b4980000,0x00000006de9fca50,0x00000006ebb80000)
  from space 512K, 12% used [0x00000007bfd80000,0x00000007bfd90000,0x00000007bfe00000)
  to   space 512K, 0% used [0x00000007bfd00000,0x00000007bfd00000,0x00000007bfd80000)
 ParOldGen       total 352768K, used 12648K [0x000000049dc00000, 0x00000004b3480000, 0x00000006b4980000)
  object space 352768K, 3% used [0x000000049dc00000,0x000000049e85a3c0,0x00000004b3480000)
 Metaspace       used 23390K, capacity 24666K, committed 24960K, reserved 1071104K
  class space    used 2718K, capacity 2898K, committed 2944K, reserved 1048576K
GC Heap History (10 events):
Event: 6076.928 GC heap before
{Heap before GC invocations=40581 (full 1):
 PSYoungGen      total 906240K, used 905792K [0x00000006b4980000, 0x00000007bfe00000, 0x00000007c0000000)
  eden space 905728K, 100% used [0x00000006b4980000,0x00000006ebe00000,0x00000006ebe00000)
  from space 512K, 12% used [0x00000007bfd00000,0x00000007bfd10000,0x00000007bfd80000)
  to   space 512K, 0% used [0x00000007bfd80000,0x00000007bfd80000,0x00000007bfe00000)
 ParOldGen       total 352768K, used 12648K [0x000000049dc00000, 0x00000004b3480000, 0x00000006b4980000)
  object space 352768K, 3% used [0x000000049dc00000,0x000000049e85a3c0,0x00000004b3480000)
 Metaspace       used 23390K, capacity 24666K, committed 24960K, reserved 1071104K
  class space    used 2718K, capacity 2898K, committed 2944K, reserved 1048576K
Event: 6076.929 GC heap after
Heap after GC invocations=40581 (full 1):
 PSYoungGen      total 873472K, used 32K [0x00000006b4980000, 0x00000007bfe00000, 0x00000007c0000000)
  eden space 872960K, 0% used [0x00000006b4980000,0x00000006b4980000,0x00000006e9e00000)
  from space 512K, 6% used [0x00000007bfd80000,0x00000007bfd88000,0x00000007bfe00000)
  to   space 512K, 0% used [0x00000007bfd00000,0x00000007bfd00000,0x00000007bfd80000)
 ParOldGen       total 352768K, used 12648K [0x000000049dc00000, 0x00000004b3480000, 0x00000006b4980000)
  object space 352768K, 3% used [0x000000049dc00000,0x000000049e85a3c0,0x00000004b3480000)
 Metaspace       used 23390K, capacity 24666K, committed 24960K, reserved 1071104K
  class space    used 2718K, capacity 2898K, committed 2944K, reserved 1048576K
}
Event: 6077.054 GC heap before
{Heap before GC invocations=40582 (full 1):
 PSYoungGen      total 873472K, used 872992K [0x00000006b4980000, 0x00000007bfe00000, 0x00000007c0000000)
  eden space 872960K, 100% used [0x00000006b4980000,0x00000006e9e00000,0x00000006e9e00000)
  from space 512K, 6% used [0x00000007bfd80000,0x00000007bfd88000,0x00000007bfe00000)
  to   space 512K, 0% used [0x00000007bfd00000,0x00000007bfd00000,0x00000007bfd80000)
 ParOldGen       total 352768K, used 12648K [0x000000049dc00000, 0x00000004b3480000, 0x00000006b4980000)
  object space 352768K, 3% used [0x000000049dc00000,0x000000049e85a3c0,0x00000004b3480000)
 Metaspace       used 23390K, capacity 24666K, committed 24960K, reserved 1071104K
  class space    used 2718K, capacity 2898K, committed 2944K, reserved 1048576K
Event: 6077.055 GC heap after
Heap after GC invocations=40582 (full 1):
 PSYoungGen      total 922112K, used 64K [0x00000006b4980000, 0x00000007bfe00000, 0x00000007c0000000)
  eden space 921600K, 0% used [0x00000006b4980000,0x00000006b4980000,0x00000006ecd80000)
  from space 512K, 12% used [0x00000007bfd00000,0x00000007bfd10000,0x00000007bfd80000)
  to   space 512K, 0% used [0x00000007bfd80000,0x00000007bfd80000,0x00000007bfe00000)
 ParOldGen       total 352768K, used 12648K [0x000000049dc00000, 0x00000004b3480000, 0x00000006b4980000)
  object space 352768K, 3% used [0x000000049dc00000,0x000000049e85a3c0,0x00000004b3480000)
 Metaspace       used 23390K, capacity 24666K, committed 24960K, reserved 1071104K
  class space    used 2718K, capacity 2898K, committed 2944K, reserved 1048576K
}
Event: 6077.188 GC heap before
{Heap before GC invocations=40583 (full 1):
 PSYoungGen      total 922112K, used 921664K [0x00000006b4980000, 0x00000007bfe00000, 0x00000007c0000000)
  eden space 921600K, 100% used [0x00000006b4980000,0x00000006ecd80000,0x00000006ecd80000)
  from space 512K, 12% used [0x00000007bfd00000,0x00000007bfd10000,0x00000007bfd80000)
  to   space 512K, 0% used [0x00000007bfd80000,0x00000007bfd80000,0x00000007bfe00000)
 ParOldGen       total 352768K, used 12648K [0x000000049dc00000, 0x00000004b3480000, 0x00000006b4980000)
  object space 352768K, 3% used [0x000000049dc00000,0x000000049e85a3c0,0x00000004b3480000)
 Metaspace       used 23390K, capacity 24666K, committed 24960K, reserved 1071104K
  class space    used 2718K, capacity 2898K, committed 2944K, reserved 1048576K
Event: 6077.190 GC heap after
Heap after GC invocations=40583 (full 1):
 PSYoungGen      total 973824K, used 96K [0x00000006b4980000, 0x00000007bfe00000, 0x00000007c0000000)
  eden space 973312K, 0% used [0x00000006b4980000,0x00000006b4980000,0x00000006f0000000)
  from space 512K, 18% used [0x00000007bfd80000,0x00000007bfd98000,0x00000007bfe00000)
  to   space 512K, 0% used [0x00000007bfd00000,0x00000007bfd00000,0x00000007bfd80000)
 ParOldGen       total 352768K, used 12648K [0x000000049dc00000, 0x00000004b3480000, 0x00000006b4980000)
  object space 352768K, 3% used [0x000000049dc00000,0x000000049e85a3c0,0x00000004b3480000)
 Metaspace       used 23390K, capacity 24666K, committed 24960K, reserved 1071104K
  class space    used 2718K, capacity 2898K, committed 2944K, reserved 1048576K
}
Event: 6077.332 GC heap before
{Heap before GC invocations=40584 (full 1):
 PSYoungGen      total 973824K, used 973408K [0x00000006b4980000, 0x00000007bfe00000, 0x00000007c0000000)
  eden space 973312K, 100% used [0x00000006b4980000,0x00000006f0000000,0x00000006f0000000)
  from space 512K, 18% used [0x00000007bfd80000,0x00000007bfd98000,0x00000007bfe00000)
  to   space 512K, 0% used [0x00000007bfd00000,0x00000007bfd00000,0x00000007bfd80000)
 ParOldGen       total 352768K, used 12648K [0x000000049dc00000, 0x00000004b3480000, 0x00000006b4980000)
  object space 352768K, 3% used [0x000000049dc00000,0x000000049e85a3c0,0x00000004b3480000)
 Metaspace       used 23390K, capacity 24666K, committed 24960K, reserved 1071104K
  class space    used 2718K, capacity 2898K, committed 2944K, reserved 1048576K
Event: 6077.333 GC heap after
Heap after GC invocations=40584 (full 1):
 PSYoungGen      total 937984K, used 32K [0x00000006b4980000, 0x00000007bfe00000, 0x00000007c0000000)
  eden space 937472K, 0% used [0x00000006b4980000,0x00000006b4980000,0x00000006edd00000)
  from space 512K, 6% used [0x00000007bfd00000,0x00000007bfd08000,0x00000007bfd80000)
  to   space 512K, 0% used [0x00000007bfd80000,0x00000007bfd80000,0x00000007bfe00000)
 ParOldGen       total 352768K, used 12648K [0x000000049dc00000, 0x00000004b3480000, 0x00000006b4980000)
  object space 352768K, 3% used [0x000000049dc00000,0x000000049e85a3c0,0x00000004b3480000)
 Metaspace       used 23390K, capacity 24666K, committed 24960K, reserved 1071104K
  class space    used 2718K, capacity 2898K, committed 2944K, reserved 1048576K
}
Event: 6077.468 GC heap before
{Heap before GC invocations=40585 (full 1):
 PSYoungGen      total 937984K, used 937504K [0x00000006b4980000, 0x00000007bfe00000, 0x00000007c0000000)
  eden space 937472K, 100% used [0x00000006b4980000,0x00000006edd00000,0x00000006edd00000)
  from space 512K, 6% used [0x00000007bfd00000,0x00000007bfd08000,0x00000007bfd80000)
  to   space 512K, 0% used [0x00000007bfd80000,0x00000007bfd80000,0x00000007bfe00000)
 ParOldGen       total 352768K, used 12648K [0x000000049dc00000, 0x00000004b3480000, 0x00000006b4980000)
  object space 352768K, 3% used [0x000000049dc00000,0x000000049e85a3c0,0x00000004b3480000)
 Metaspace       used 23390K, capacity 24666K, committed 24960K, reserved 1071104K
  class space    used 2718K, capacity 2898K, committed 2944K, reserved 1048576K
Event: 6077.470 GC heap after
Heap after GC invocations=40585 (full 1):
 PSYoungGen      total 903680K, used 64K [0x00000006b4980000, 0x00000007bfe00000, 0x00000007c0000000)
  eden space 903168K, 0% used [0x00000006b4980000,0x00000006b4980000,0x00000006ebb80000)
  from space 512K, 12% used [0x00000007bfd80000,0x00000007bfd90000,0x00000007bfe00000)
  to   space 512K, 0% used [0x00000007bfd00000,0x00000007bfd00000,0x00000007bfd80000)
 ParOldGen       total 352768K, used 12648K [0x000000049dc00000, 0x00000004b3480000, 0x00000006b4980000)
  object space 352768K, 3% used [0x000000049dc00000,0x000000049e85a3c0,0x00000004b3480000)
 Metaspace       used 23390K, capacity 24666K, committed 24960K, reserved 1071104K
  class space    used 2718K, capacity 2898K, committed 2944K, reserved 1048576K
}

